<?xml version="1.0" encoding="UTF-8"?>
<testng-results ignored="0" total="1" passed="0" failed="1" skipped="0">
  <reporter-output>
  </reporter-output>
  <suite started-at="2023-07-17T17:32:10 IST" name="Default suite" finished-at="2023-07-17T17:32:52 IST" duration-ms="41342">
    <groups>
    </groups>
    <test started-at="2023-07-17T17:32:10 IST" name="Default test" finished-at="2023-07-17T17:32:52 IST" duration-ms="41342">
      <class name="com.greentrade.vendor.CreateNewOpportunityTest">
        <test-method is-config="true" signature="connectToDataBase()[pri:0, instance:com.greentrade.vendor.CreateNewOpportunityTest@6cf0e0ba]" started-at="2023-07-17T17:32:10 IST" name="connectToDataBase" finished-at="2023-07-17T17:32:10 IST" duration-ms="694" status="PASS">
          <reporter-output>
          </reporter-output>
        </test-method> <!-- connectToDataBase -->
        <test-method is-config="true" signature="OpenBrowser()[pri:0, instance:com.greentrade.vendor.CreateNewOpportunityTest@6cf0e0ba]" started-at="2023-07-17T17:32:11 IST" name="OpenBrowser" finished-at="2023-07-17T17:32:22 IST" duration-ms="10835" status="PASS">
          <reporter-output>
          </reporter-output>
        </test-method> <!-- OpenBrowser -->
        <test-method is-config="true" signature="login()[pri:0, instance:com.greentrade.vendor.CreateNewOpportunityTest@6cf0e0ba]" started-at="2023-07-17T17:32:22 IST" name="login" finished-at="2023-07-17T17:32:30 IST" duration-ms="8015" status="PASS">
          <reporter-output>
          </reporter-output>
        </test-method> <!-- login -->
        <test-method signature="createNewOpportunityTest()[pri:0, instance:com.greentrade.vendor.CreateNewOpportunityTest@6cf0e0ba]" started-at="2023-07-17T17:32:30 IST" name="createNewOpportunityTest" finished-at="2023-07-17T17:32:48 IST" duration-ms="18199" status="FAIL">
          <exception class="java.lang.AssertionError">
            <message>
              <![CDATA[null]]>
            </message>
            <full-stacktrace>
              <![CDATA[java.lang.AssertionError: null
at org.testng.Assert.fail(Assert.java:99)
at org.testng.Assert.fail(Assert.java:106)
at com.greentrade.vendor.CreateNewOpportunityTest.createNewOpportunityTest(CreateNewOpportunityTest.java:50)
at java.base/jdk.internal.reflect.DirectMethodHandleAccessor.invoke(DirectMethodHandleAccessor.java:104)
at java.base/java.lang.reflect.Method.invoke(Method.java:578)
at org.testng.internal.MethodInvocationHelper.invokeMethod(MethodInvocationHelper.java:133)
at org.testng.internal.TestInvoker.invokeMethod(TestInvoker.java:598)
at org.testng.internal.TestInvoker.invokeTestMethod(TestInvoker.java:173)
at org.testng.internal.MethodRunner.runInSequence(MethodRunner.java:46)
at org.testng.internal.TestInvoker$MethodInvocationAgent.invoke(TestInvoker.java:824)
at org.testng.internal.TestInvoker.invokeTestMethods(TestInvoker.java:146)
at org.testng.internal.TestMethodWorker.invokeTestMethods(TestMethodWorker.java:146)
at org.testng.internal.TestMethodWorker.run(TestMethodWorker.java:128)
at java.base/java.util.ArrayList.forEach(ArrayList.java:1511)
at org.testng.TestRunner.privateRun(TestRunner.java:794)
at org.testng.TestRunner.run(TestRunner.java:596)
at org.testng.SuiteRunner.runTest(SuiteRunner.java:377)
at org.testng.SuiteRunner.runSequentially(SuiteRunner.java:371)
at org.testng.SuiteRunner.privateRun(SuiteRunner.java:332)
at org.testng.SuiteRunner.run(SuiteRunner.java:276)
at org.testng.SuiteRunnerWorker.runSuite(SuiteRunnerWorker.java:53)
at org.testng.SuiteRunnerWorker.run(SuiteRunnerWorker.java:96)
at org.testng.TestNG.runSuitesSequentially(TestNG.java:1212)
at org.testng.TestNG.runSuitesLocally(TestNG.java:1134)
at org.testng.TestNG.runSuites(TestNG.java:1063)
at org.testng.TestNG.run(TestNG.java:1031)
at org.testng.remote.AbstractRemoteTestNG.run(AbstractRemoteTestNG.java:115)
at org.testng.remote.RemoteTestNG.initAndRun(RemoteTestNG.java:251)
at org.testng.remote.RemoteTestNG.main(RemoteTestNG.java:77)
]]>
            </full-stacktrace>
          </exception> <!-- java.lang.AssertionError -->
          <reporter-output>
          </reporter-output>
        </test-method> <!-- createNewOpportunityTest -->
        <test-method is-config="true" signature="logout()[pri:0, instance:com.greentrade.vendor.CreateNewOpportunityTest@6cf0e0ba]" started-at="2023-07-17T17:32:48 IST" name="logout" finished-at="2023-07-17T17:32:51 IST" duration-ms="2687" status="PASS">
          <reporter-output>
          </reporter-output>
        </test-method> <!-- logout -->
        <test-method is-config="true" signature="closeBrowser()[pri:0, instance:com.greentrade.vendor.CreateNewOpportunityTest@6cf0e0ba]" started-at="2023-07-17T17:32:51 IST" name="closeBrowser" finished-at="2023-07-17T17:32:52 IST" duration-ms="602" status="PASS">
          <reporter-output>
          </reporter-output>
        </test-method> <!-- closeBrowser -->
        <test-method is-config="true" signature="closeDBConnection()[pri:0, instance:com.greentrade.vendor.CreateNewOpportunityTest@6cf0e0ba]" started-at="2023-07-17T17:32:53 IST" name="closeDBConnection" finished-at="2023-07-17T17:32:53 IST" duration-ms="23" status="PASS">
          <reporter-output>
          </reporter-output>
        </test-method> <!-- closeDBConnection -->
      </class> <!-- com.greentrade.vendor.CreateNewOpportunityTest -->
    </test> <!-- Default test -->
  </suite> <!-- Default suite -->
</testng-results>
