<?xml version="1.0" encoding="UTF-8"?>
<!-- Generated by org.testng.reporters.JUnitXMLReporter -->
<testsuite ignored="15" hostname="DESKTOP-EPG1R7F" failures="0" tests="1" name="Default test" time="0.138" errors="0" timestamp="2023-07-19T17:08:32 IST">
  <testcase classname="javaPractice.ArrayPrograms" name="test" time="0.034"/>
  <testcase classname="javaPractice.ArrayPrograms" name="append0sAtLast" time="0.0">
    <ignored/>
  </testcase> <!-- append0sAtLast -->
  <testcase classname="javaPractice.ArrayPrograms" name="MulOfFirstThreeMinNumbers" time="0.0">
    <ignored/>
  </testcase> <!-- MulOfFirstThreeMinNumbers -->
  <testcase classname="javaPractice.ArrayPrograms" name="findCombinationsOfnumber" time="0.0">
    <ignored/>
  </testcase> <!-- findCombinationsOfnumber -->
  <testcase classname="javaPractice.ArrayPrograms" name="SecondMinNumberInArray" time="0.0">
    <ignored/>
  </testcase> <!-- SecondMinNumberInArray -->
  <testcase classname="javaPractice.ArrayPrograms" name="sumOfFirstThreeMinNumbers" time="0.0">
    <ignored/>
  </testcase> <!-- sumOfFirstThreeMinNumbers -->
  <testcase classname="javaPractice.ArrayPrograms" name="FirstMinNumberInArray" time="0.0">
    <ignored/>
  </testcase> <!-- FirstMinNumberInArray -->
  <testcase classname="javaPractice.ArrayPrograms" name="SecondMaxNumberInArray" time="0.0">
    <ignored/>
  </testcase> <!-- SecondMaxNumberInArray -->
  <testcase classname="javaPractice.ArrayPrograms" name="MulOfFirstThreeMaxNumbers" time="0.0">
    <ignored/>
  </testcase> <!-- MulOfFirstThreeMaxNumbers -->
  <testcase classname="javaPractice.ArrayPrograms" name="firstAndSecondMaxNumber" time="0.0">
    <ignored/>
  </testcase> <!-- firstAndSecondMaxNumber -->
  <testcase classname="javaPractice.ArrayPrograms" name="SumOfFirstThreeMaxNumbers" time="0.0">
    <ignored/>
  </testcase> <!-- SumOfFirstThreeMaxNumbers -->
  <testcase classname="javaPractice.ArrayPrograms" name="SumOfFirstThreeMinNumbers" time="0.0">
    <ignored/>
  </testcase> <!-- SumOfFirstThreeMinNumbers -->
  <testcase classname="javaPractice.ArrayPrograms" name="addTwoArrays" time="0.0">
    <ignored/>
  </testcase> <!-- addTwoArrays -->
  <testcase classname="javaPractice.ArrayPrograms" name="SortArrayAscedingOrderUseBBSort" time="0.0">
    <ignored/>
  </testcase> <!-- SortArrayAscedingOrderUseBBSort -->
  <testcase classname="javaPractice.ArrayPrograms" name="FirstAndSecondMinNumber" time="0.0">
    <ignored/>
  </testcase> <!-- FirstAndSecondMinNumber -->
  <testcase classname="javaPractice.ArrayPrograms" name="FirstMaxNumberInArray" time="0.0">
    <ignored/>
  </testcase> <!-- FirstMaxNumberInArray -->
</testsuite> <!-- Default test -->
